C51 COMPILER V9.56.0.0   MAIN                                                              08/27/2018 09:31:31 PAGE 1   


C51 COMPILER V9.56.0.0, COMPILATION OF MODULE MAIN
OBJECT MODULE PLACED IN .\Objects\main.obj
COMPILER INVOKED BY: D:\Keil_v5\C51\BIN\C51.EXE main.c OPTIMIZE(8,SPEED) BROWSE DEBUG OBJECTEXTEND PRINT(.\Listings\main
                    -.lst) TABS(2) OBJECT(.\Objects\main.obj)

line level    source

   1          /*
   2          红外传感器自动跟踪程序
   3          */
   4          
   5          #include <reg52.h>
   6          #include "MotorCtrl.h"
   7          sbit IR_Left=P3^4;
   8          sbit IR_Right=P3^5;
   9          
  10          void main()
  11          {
  12   1        while(1)
  13   1        {
  14   2          if(IR_Left==1&&IR_Right==1)
  15   2            CarFwd();
  16   2          else if(IR_Left==0&&IR_Right==0)
  17   2            CarRev();
  18   2          else if(IR_Left==1&&IR_Right==0)
  19   2            CarLeft();
  20   2          else if(IR_Left==0&&IR_Right==1)
  21   2            CarRight();
  22   2        }
  23   1      }
  24          


MODULE INFORMATION:   STATIC OVERLAYABLE
   CODE SIZE        =    109    ----
   CONSTANT SIZE    =   ----    ----
   XDATA SIZE       =   ----    ----
   PDATA SIZE       =   ----    ----
   DATA SIZE        =   ----    ----
   IDATA SIZE       =   ----    ----
   BIT SIZE         =   ----    ----
END OF MODULE INFORMATION.


C51 COMPILATION COMPLETE.  0 WARNING(S),  0 ERROR(S)
